<?xml version="1.0" encoding="UTF-8"?>
<testsuite xmlns:xsi="http://www.w3.org/2001/XMLSchema-instance" xsi:noNamespaceSchemaLocation="https://maven.apache.org/surefire/maven-surefire-plugin/xsd/surefire-test-report.xsd" name="com.starwars.api.controllers.ApiControllerTests" time="6.172" tests="7" errors="0" skipped="0" failures="0">
  <properties>
    <property name="sun.desktop" value="gnome"/>
    <property name="awt.toolkit" value="sun.awt.X11.XToolkit"/>
    <property name="file.encoding.pkg" value="sun.io"/>
    <property name="java.specification.version" value="1.8"/>
    <property name="sun.cpu.isalist" value=""/>
    <property name="sun.jnu.encoding" value="UTF-8"/>
    <property name="java.class.path" value="/home/julio/Documents/RestApi-StarWars-App/target/test-classes:/home/julio/Documents/RestApi-StarWars-App/target/classes:/home/julio/.m2/repository/org/springframework/boot/spring-boot-starter-data-mongodb/2.1.12.RELEASE/spring-boot-starter-data-mongodb-2.1.12.RELEASE.jar:/home/julio/.m2/repository/org/springframework/boot/spring-boot-starter/2.1.12.RELEASE/spring-boot-starter-2.1.12.RELEASE.jar:/home/julio/.m2/repository/org/springframework/boot/spring-boot-starter-logging/2.1.12.RELEASE/spring-boot-starter-logging-2.1.12.RELEASE.jar:/home/julio/.m2/repository/ch/qos/logback/logback-classic/1.2.3/logback-classic-1.2.3.jar:/home/julio/.m2/repository/ch/qos/logback/logback-core/1.2.3/logback-core-1.2.3.jar:/home/julio/.m2/repository/org/apache/logging/log4j/log4j-to-slf4j/2.11.2/log4j-to-slf4j-2.11.2.jar:/home/julio/.m2/repository/org/apache/logging/log4j/log4j-api/2.11.2/log4j-api-2.11.2.jar:/home/julio/.m2/repository/org/slf4j/jul-to-slf4j/1.7.30/jul-to-slf4j-1.7.30.jar:/home/julio/.m2/repository/javax/annotation/javax.annotation-api/1.3.2/javax.annotation-api-1.3.2.jar:/home/julio/.m2/repository/org/yaml/snakeyaml/1.23/snakeyaml-1.23.jar:/home/julio/.m2/repository/org/mongodb/mongodb-driver/3.8.2/mongodb-driver-3.8.2.jar:/home/julio/.m2/repository/org/mongodb/bson/3.8.2/bson-3.8.2.jar:/home/julio/.m2/repository/org/mongodb/mongodb-driver-core/3.8.2/mongodb-driver-core-3.8.2.jar:/home/julio/.m2/repository/org/springframework/data/spring-data-mongodb/2.1.15.RELEASE/spring-data-mongodb-2.1.15.RELEASE.jar:/home/julio/.m2/repository/org/springframework/spring-tx/5.1.13.RELEASE/spring-tx-5.1.13.RELEASE.jar:/home/julio/.m2/repository/org/springframework/spring-context/5.1.13.RELEASE/spring-context-5.1.13.RELEASE.jar:/home/julio/.m2/repository/org/springframework/spring-beans/5.1.13.RELEASE/spring-beans-5.1.13.RELEASE.jar:/home/julio/.m2/repository/org/springframework/spring-expression/5.1.13.RELEASE/spring-expression-5.1.13.RELEASE.jar:/home/julio/.m2/repository/org/springframework/data/spring-data-commons/2.1.15.RELEASE/spring-data-commons-2.1.15.RELEASE.jar:/home/julio/.m2/repository/org/slf4j/slf4j-api/1.7.30/slf4j-api-1.7.30.jar:/home/julio/.m2/repository/org/springframework/boot/spring-boot-starter-web/2.1.12.RELEASE/spring-boot-starter-web-2.1.12.RELEASE.jar:/home/julio/.m2/repository/org/springframework/boot/spring-boot-starter-json/2.1.12.RELEASE/spring-boot-starter-json-2.1.12.RELEASE.jar:/home/julio/.m2/repository/com/fasterxml/jackson/core/jackson-databind/2.9.10.2/jackson-databind-2.9.10.2.jar:/home/julio/.m2/repository/com/fasterxml/jackson/core/jackson-annotations/2.9.10/jackson-annotations-2.9.10.jar:/home/julio/.m2/repository/com/fasterxml/jackson/core/jackson-core/2.9.10/jackson-core-2.9.10.jar:/home/julio/.m2/repository/com/fasterxml/jackson/datatype/jackson-datatype-jdk8/2.9.10/jackson-datatype-jdk8-2.9.10.jar:/home/julio/.m2/repository/com/fasterxml/jackson/datatype/jackson-datatype-jsr310/2.9.10/jackson-datatype-jsr310-2.9.10.jar:/home/julio/.m2/repository/com/fasterxml/jackson/module/jackson-module-parameter-names/2.9.10/jackson-module-parameter-names-2.9.10.jar:/home/julio/.m2/repository/org/springframework/boot/spring-boot-starter-tomcat/2.1.12.RELEASE/spring-boot-starter-tomcat-2.1.12.RELEASE.jar:/home/julio/.m2/repository/org/apache/tomcat/embed/tomcat-embed-core/9.0.30/tomcat-embed-core-9.0.30.jar:/home/julio/.m2/repository/org/apache/tomcat/embed/tomcat-embed-el/9.0.30/tomcat-embed-el-9.0.30.jar:/home/julio/.m2/repository/org/apache/tomcat/embed/tomcat-embed-websocket/9.0.30/tomcat-embed-websocket-9.0.30.jar:/home/julio/.m2/repository/org/hibernate/validator/hibernate-validator/6.0.18.Final/hibernate-validator-6.0.18.Final.jar:/home/julio/.m2/repository/javax/validation/validation-api/2.0.1.Final/validation-api-2.0.1.Final.jar:/home/julio/.m2/repository/org/jboss/logging/jboss-logging/3.3.3.Final/jboss-logging-3.3.3.Final.jar:/home/julio/.m2/repository/com/fasterxml/classmate/1.4.0/classmate-1.4.0.jar:/home/julio/.m2/repository/org/springframework/spring-web/5.1.13.RELEASE/spring-web-5.1.13.RELEASE.jar:/home/julio/.m2/repository/org/springframework/spring-webmvc/5.1.13.RELEASE/spring-webmvc-5.1.13.RELEASE.jar:/home/julio/.m2/repository/org/springframework/spring-aop/5.1.13.RELEASE/spring-aop-5.1.13.RELEASE.jar:/home/julio/.m2/repository/org/springframework/boot/spring-boot-devtools/2.1.12.RELEASE/spring-boot-devtools-2.1.12.RELEASE.jar:/home/julio/.m2/repository/org/springframework/boot/spring-boot/2.1.12.RELEASE/spring-boot-2.1.12.RELEASE.jar:/home/julio/.m2/repository/org/springframework/boot/spring-boot-autoconfigure/2.1.12.RELEASE/spring-boot-autoconfigure-2.1.12.RELEASE.jar:/home/julio/.m2/repository/org/springframework/boot/spring-boot-starter-test/2.1.12.RELEASE/spring-boot-starter-test-2.1.12.RELEASE.jar:/home/julio/.m2/repository/org/springframework/boot/spring-boot-test/2.1.12.RELEASE/spring-boot-test-2.1.12.RELEASE.jar:/home/julio/.m2/repository/org/springframework/boot/spring-boot-test-autoconfigure/2.1.12.RELEASE/spring-boot-test-autoconfigure-2.1.12.RELEASE.jar:/home/julio/.m2/repository/com/jayway/jsonpath/json-path/2.4.0/json-path-2.4.0.jar:/home/julio/.m2/repository/net/minidev/json-smart/2.3/json-smart-2.3.jar:/home/julio/.m2/repository/net/minidev/accessors-smart/1.2/accessors-smart-1.2.jar:/home/julio/.m2/repository/org/ow2/asm/asm/5.0.4/asm-5.0.4.jar:/home/julio/.m2/repository/junit/junit/4.12/junit-4.12.jar:/home/julio/.m2/repository/org/assertj/assertj-core/3.11.1/assertj-core-3.11.1.jar:/home/julio/.m2/repository/org/mockito/mockito-core/2.23.4/mockito-core-2.23.4.jar:/home/julio/.m2/repository/net/bytebuddy/byte-buddy/1.9.16/byte-buddy-1.9.16.jar:/home/julio/.m2/repository/net/bytebuddy/byte-buddy-agent/1.9.16/byte-buddy-agent-1.9.16.jar:/home/julio/.m2/repository/org/objenesis/objenesis/2.6/objenesis-2.6.jar:/home/julio/.m2/repository/org/hamcrest/hamcrest-core/1.3/hamcrest-core-1.3.jar:/home/julio/.m2/repository/org/hamcrest/hamcrest-library/1.3/hamcrest-library-1.3.jar:/home/julio/.m2/repository/org/skyscreamer/jsonassert/1.5.0/jsonassert-1.5.0.jar:/home/julio/.m2/repository/com/vaadin/external/google/android-json/0.0.20131108.vaadin1/android-json-0.0.20131108.vaadin1.jar:/home/julio/.m2/repository/org/springframework/spring-core/5.1.13.RELEASE/spring-core-5.1.13.RELEASE.jar:/home/julio/.m2/repository/org/springframework/spring-jcl/5.1.13.RELEASE/spring-jcl-5.1.13.RELEASE.jar:/home/julio/.m2/repository/org/springframework/spring-test/5.1.13.RELEASE/spring-test-5.1.13.RELEASE.jar:/home/julio/.m2/repository/org/xmlunit/xmlunit-core/2.6.3/xmlunit-core-2.6.3.jar:/home/julio/.m2/repository/org/apache/httpcomponents/httpclient/4.5.10/httpclient-4.5.10.jar:/home/julio/.m2/repository/org/apache/httpcomponents/httpcore/4.4.13/httpcore-4.4.13.jar:/home/julio/.m2/repository/commons-codec/commons-codec/1.11/commons-codec-1.11.jar:"/>
    <property name="java.vm.vendor" value="Private Build"/>
    <property name="sun.arch.data.model" value="64"/>
    <property name="java.vendor.url" value="http://java.oracle.com/"/>
    <property name="user.timezone" value=""/>
    <property name="java.vm.specification.version" value="1.8"/>
    <property name="os.name" value="Linux"/>
    <property name="user.country" value="BR"/>
    <property name="sun.java.launcher" value="SUN_STANDARD"/>
    <property name="sun.boot.library.path" value="/usr/lib/jvm/java-8-openjdk-amd64/jre/lib/amd64"/>
    <property name="sun.java.command" value="/home/julio/Documents/RestApi-StarWars-App/target/surefire/surefirebooter97981015182272948.jar /home/julio/Documents/RestApi-StarWars-App/target/surefire 2020-05-18T23-24-14_623-jvmRun1 surefire2444935587339114748tmp surefire_03710439198098421420tmp"/>
    <property name="surefire.test.class.path" value="/home/julio/Documents/RestApi-StarWars-App/target/test-classes:/home/julio/Documents/RestApi-StarWars-App/target/classes:/home/julio/.m2/repository/org/springframework/boot/spring-boot-starter-data-mongodb/2.1.12.RELEASE/spring-boot-starter-data-mongodb-2.1.12.RELEASE.jar:/home/julio/.m2/repository/org/springframework/boot/spring-boot-starter/2.1.12.RELEASE/spring-boot-starter-2.1.12.RELEASE.jar:/home/julio/.m2/repository/org/springframework/boot/spring-boot-starter-logging/2.1.12.RELEASE/spring-boot-starter-logging-2.1.12.RELEASE.jar:/home/julio/.m2/repository/ch/qos/logback/logback-classic/1.2.3/logback-classic-1.2.3.jar:/home/julio/.m2/repository/ch/qos/logback/logback-core/1.2.3/logback-core-1.2.3.jar:/home/julio/.m2/repository/org/apache/logging/log4j/log4j-to-slf4j/2.11.2/log4j-to-slf4j-2.11.2.jar:/home/julio/.m2/repository/org/apache/logging/log4j/log4j-api/2.11.2/log4j-api-2.11.2.jar:/home/julio/.m2/repository/org/slf4j/jul-to-slf4j/1.7.30/jul-to-slf4j-1.7.30.jar:/home/julio/.m2/repository/javax/annotation/javax.annotation-api/1.3.2/javax.annotation-api-1.3.2.jar:/home/julio/.m2/repository/org/yaml/snakeyaml/1.23/snakeyaml-1.23.jar:/home/julio/.m2/repository/org/mongodb/mongodb-driver/3.8.2/mongodb-driver-3.8.2.jar:/home/julio/.m2/repository/org/mongodb/bson/3.8.2/bson-3.8.2.jar:/home/julio/.m2/repository/org/mongodb/mongodb-driver-core/3.8.2/mongodb-driver-core-3.8.2.jar:/home/julio/.m2/repository/org/springframework/data/spring-data-mongodb/2.1.15.RELEASE/spring-data-mongodb-2.1.15.RELEASE.jar:/home/julio/.m2/repository/org/springframework/spring-tx/5.1.13.RELEASE/spring-tx-5.1.13.RELEASE.jar:/home/julio/.m2/repository/org/springframework/spring-context/5.1.13.RELEASE/spring-context-5.1.13.RELEASE.jar:/home/julio/.m2/repository/org/springframework/spring-beans/5.1.13.RELEASE/spring-beans-5.1.13.RELEASE.jar:/home/julio/.m2/repository/org/springframework/spring-expression/5.1.13.RELEASE/spring-expression-5.1.13.RELEASE.jar:/home/julio/.m2/repository/org/springframework/data/spring-data-commons/2.1.15.RELEASE/spring-data-commons-2.1.15.RELEASE.jar:/home/julio/.m2/repository/org/slf4j/slf4j-api/1.7.30/slf4j-api-1.7.30.jar:/home/julio/.m2/repository/org/springframework/boot/spring-boot-starter-web/2.1.12.RELEASE/spring-boot-starter-web-2.1.12.RELEASE.jar:/home/julio/.m2/repository/org/springframework/boot/spring-boot-starter-json/2.1.12.RELEASE/spring-boot-starter-json-2.1.12.RELEASE.jar:/home/julio/.m2/repository/com/fasterxml/jackson/core/jackson-databind/2.9.10.2/jackson-databind-2.9.10.2.jar:/home/julio/.m2/repository/com/fasterxml/jackson/core/jackson-annotations/2.9.10/jackson-annotations-2.9.10.jar:/home/julio/.m2/repository/com/fasterxml/jackson/core/jackson-core/2.9.10/jackson-core-2.9.10.jar:/home/julio/.m2/repository/com/fasterxml/jackson/datatype/jackson-datatype-jdk8/2.9.10/jackson-datatype-jdk8-2.9.10.jar:/home/julio/.m2/repository/com/fasterxml/jackson/datatype/jackson-datatype-jsr310/2.9.10/jackson-datatype-jsr310-2.9.10.jar:/home/julio/.m2/repository/com/fasterxml/jackson/module/jackson-module-parameter-names/2.9.10/jackson-module-parameter-names-2.9.10.jar:/home/julio/.m2/repository/org/springframework/boot/spring-boot-starter-tomcat/2.1.12.RELEASE/spring-boot-starter-tomcat-2.1.12.RELEASE.jar:/home/julio/.m2/repository/org/apache/tomcat/embed/tomcat-embed-core/9.0.30/tomcat-embed-core-9.0.30.jar:/home/julio/.m2/repository/org/apache/tomcat/embed/tomcat-embed-el/9.0.30/tomcat-embed-el-9.0.30.jar:/home/julio/.m2/repository/org/apache/tomcat/embed/tomcat-embed-websocket/9.0.30/tomcat-embed-websocket-9.0.30.jar:/home/julio/.m2/repository/org/hibernate/validator/hibernate-validator/6.0.18.Final/hibernate-validator-6.0.18.Final.jar:/home/julio/.m2/repository/javax/validation/validation-api/2.0.1.Final/validation-api-2.0.1.Final.jar:/home/julio/.m2/repository/org/jboss/logging/jboss-logging/3.3.3.Final/jboss-logging-3.3.3.Final.jar:/home/julio/.m2/repository/com/fasterxml/classmate/1.4.0/classmate-1.4.0.jar:/home/julio/.m2/repository/org/springframework/spring-web/5.1.13.RELEASE/spring-web-5.1.13.RELEASE.jar:/home/julio/.m2/repository/org/springframework/spring-webmvc/5.1.13.RELEASE/spring-webmvc-5.1.13.RELEASE.jar:/home/julio/.m2/repository/org/springframework/spring-aop/5.1.13.RELEASE/spring-aop-5.1.13.RELEASE.jar:/home/julio/.m2/repository/org/springframework/boot/spring-boot-devtools/2.1.12.RELEASE/spring-boot-devtools-2.1.12.RELEASE.jar:/home/julio/.m2/repository/org/springframework/boot/spring-boot/2.1.12.RELEASE/spring-boot-2.1.12.RELEASE.jar:/home/julio/.m2/repository/org/springframework/boot/spring-boot-autoconfigure/2.1.12.RELEASE/spring-boot-autoconfigure-2.1.12.RELEASE.jar:/home/julio/.m2/repository/org/springframework/boot/spring-boot-starter-test/2.1.12.RELEASE/spring-boot-starter-test-2.1.12.RELEASE.jar:/home/julio/.m2/repository/org/springframework/boot/spring-boot-test/2.1.12.RELEASE/spring-boot-test-2.1.12.RELEASE.jar:/home/julio/.m2/repository/org/springframework/boot/spring-boot-test-autoconfigure/2.1.12.RELEASE/spring-boot-test-autoconfigure-2.1.12.RELEASE.jar:/home/julio/.m2/repository/com/jayway/jsonpath/json-path/2.4.0/json-path-2.4.0.jar:/home/julio/.m2/repository/net/minidev/json-smart/2.3/json-smart-2.3.jar:/home/julio/.m2/repository/net/minidev/accessors-smart/1.2/accessors-smart-1.2.jar:/home/julio/.m2/repository/org/ow2/asm/asm/5.0.4/asm-5.0.4.jar:/home/julio/.m2/repository/junit/junit/4.12/junit-4.12.jar:/home/julio/.m2/repository/org/assertj/assertj-core/3.11.1/assertj-core-3.11.1.jar:/home/julio/.m2/repository/org/mockito/mockito-core/2.23.4/mockito-core-2.23.4.jar:/home/julio/.m2/repository/net/bytebuddy/byte-buddy/1.9.16/byte-buddy-1.9.16.jar:/home/julio/.m2/repository/net/bytebuddy/byte-buddy-agent/1.9.16/byte-buddy-agent-1.9.16.jar:/home/julio/.m2/repository/org/objenesis/objenesis/2.6/objenesis-2.6.jar:/home/julio/.m2/repository/org/hamcrest/hamcrest-core/1.3/hamcrest-core-1.3.jar:/home/julio/.m2/repository/org/hamcrest/hamcrest-library/1.3/hamcrest-library-1.3.jar:/home/julio/.m2/repository/org/skyscreamer/jsonassert/1.5.0/jsonassert-1.5.0.jar:/home/julio/.m2/repository/com/vaadin/external/google/android-json/0.0.20131108.vaadin1/android-json-0.0.20131108.vaadin1.jar:/home/julio/.m2/repository/org/springframework/spring-core/5.1.13.RELEASE/spring-core-5.1.13.RELEASE.jar:/home/julio/.m2/repository/org/springframework/spring-jcl/5.1.13.RELEASE/spring-jcl-5.1.13.RELEASE.jar:/home/julio/.m2/repository/org/springframework/spring-test/5.1.13.RELEASE/spring-test-5.1.13.RELEASE.jar:/home/julio/.m2/repository/org/xmlunit/xmlunit-core/2.6.3/xmlunit-core-2.6.3.jar:/home/julio/.m2/repository/org/apache/httpcomponents/httpclient/4.5.10/httpclient-4.5.10.jar:/home/julio/.m2/repository/org/apache/httpcomponents/httpcore/4.4.13/httpcore-4.4.13.jar:/home/julio/.m2/repository/commons-codec/commons-codec/1.11/commons-codec-1.11.jar:"/>
    <property name="sun.cpu.endian" value="little"/>
    <property name="user.home" value="/home/julio"/>
    <property name="user.language" value="pt"/>
    <property name="java.specification.vendor" value="Oracle Corporation"/>
    <property name="java.home" value="/usr/lib/jvm/java-8-openjdk-amd64/jre"/>
    <property name="basedir" value="/home/julio/Documents/RestApi-StarWars-App"/>
    <property name="file.separator" value="/"/>
    <property name="line.separator" value="&#10;"/>
    <property name="java.vm.specification.vendor" value="Oracle Corporation"/>
    <property name="java.specification.name" value="Java Platform API Specification"/>
    <property name="java.awt.graphicsenv" value="sun.awt.X11GraphicsEnvironment"/>
    <property name="surefire.real.class.path" value="/home/julio/Documents/RestApi-StarWars-App/target/surefire/surefirebooter97981015182272948.jar"/>
    <property name="sun.boot.class.path" value="/usr/lib/jvm/java-8-openjdk-amd64/jre/lib/resources.jar:/usr/lib/jvm/java-8-openjdk-amd64/jre/lib/rt.jar:/usr/lib/jvm/java-8-openjdk-amd64/jre/lib/sunrsasign.jar:/usr/lib/jvm/java-8-openjdk-amd64/jre/lib/jsse.jar:/usr/lib/jvm/java-8-openjdk-amd64/jre/lib/jce.jar:/usr/lib/jvm/java-8-openjdk-amd64/jre/lib/charsets.jar:/usr/lib/jvm/java-8-openjdk-amd64/jre/lib/jfr.jar:/usr/lib/jvm/java-8-openjdk-amd64/jre/classes"/>
    <property name="sun.management.compiler" value="HotSpot 64-Bit Tiered Compilers"/>
    <property name="java.runtime.version" value="1.8.0_252-8u252-b09-1~19.10-b09"/>
    <property name="user.name" value="julio"/>
    <property name="path.separator" value=":"/>
    <property name="os.version" value="5.3.0-51-generic"/>
    <property name="java.endorsed.dirs" value="/usr/lib/jvm/java-8-openjdk-amd64/jre/lib/endorsed"/>
    <property name="java.runtime.name" value="OpenJDK Runtime Environment"/>
    <property name="file.encoding" value="UTF-8"/>
    <property name="java.vm.name" value="OpenJDK 64-Bit Server VM"/>
    <property name="localRepository" value="/home/julio/.m2/repository"/>
    <property name="java.vendor.url.bug" value="http://bugreport.sun.com/bugreport/"/>
    <property name="java.io.tmpdir" value="/tmp"/>
    <property name="java.version" value="1.8.0_252"/>
    <property name="user.dir" value="/home/julio/Documents/RestApi-StarWars-App"/>
    <property name="os.arch" value="amd64"/>
    <property name="java.vm.specification.name" value="Java Virtual Machine Specification"/>
    <property name="java.awt.printerjob" value="sun.print.PSPrinterJob"/>
    <property name="sun.os.patch.level" value="unknown"/>
    <property name="java.library.path" value="/usr/java/packages/lib/amd64:/usr/lib/x86_64-linux-gnu/jni:/lib/x86_64-linux-gnu:/usr/lib/x86_64-linux-gnu:/usr/lib/jni:/lib:/usr/lib"/>
    <property name="java.vm.info" value="mixed mode"/>
    <property name="java.vendor" value="Private Build"/>
    <property name="java.vm.version" value="25.252-b09"/>
    <property name="java.ext.dirs" value="/usr/lib/jvm/java-8-openjdk-amd64/jre/lib/ext:/usr/java/packages/lib/ext"/>
    <property name="sun.io.unicode.encoding" value="UnicodeLittle"/>
    <property name="java.class.version" value="52.0"/>
  </properties>
  <testcase name="testeDeletarDados" classname="com.starwars.api.controllers.ApiControllerTests" time="0.815"/>
  <testcase name="testeListarPorId" classname="com.starwars.api.controllers.ApiControllerTests" time="0.798"/>
  <testcase name="testeListarTodos" classname="com.starwars.api.controllers.ApiControllerTests" time="0.796"/>
  <testcase name="testeListarPorNome" classname="com.starwars.api.controllers.ApiControllerTests" time="0.786"/>
  <testcase name="testeAtulizarDados" classname="com.starwars.api.controllers.ApiControllerTests" time="1.119"/>
  <testcase name="testeInserirDados" classname="com.starwars.api.controllers.ApiControllerTests" time="1.049"/>
  <testcase name="contextLoads" classname="com.starwars.api.controllers.ApiControllerTests" time="0.786"/>
</testsuite>